c:\users\murloc\dropbox\kmdf driver3\x64\debug\kmdf driver3\kmdfdriver3.cat
c:\users\murloc\dropbox\kmdf driver3\x64\debug\kmdfdriver3.sys
c:\users\murloc\dropbox\kmdf driver3\x64\debug\kmdfdriver3.pdb
c:\users\murloc\dropbox\kmdf driver3\kmdf driver3\x64\debug\kmdfdriver3.inf
c:\users\murloc\dropbox\kmdf driver3\x64\debug\kmdfdriver3.cer
c:\users\murloc\dropbox\kmdf driver3\x64\debug\kmdfdriver3.inf
c:\users\murloc\dropbox\kmdf driver3\kmdf driver3\x64\debug\vc140.pdb
c:\users\murloc\dropbox\kmdf driver3\kmdf driver3\x64\debug\kmdf driver3.tlog\cl.command.1.tlog
c:\users\murloc\dropbox\kmdf driver3\kmdf driver3\x64\debug\kmdf driver3.tlog\inf2cat-expand.10012.read.1.tlog
c:\users\murloc\dropbox\kmdf driver3\kmdf driver3\x64\debug\kmdf driver3.tlog\inf2cat-expand.10012.write.1.tlog
c:\users\murloc\dropbox\kmdf driver3\kmdf driver3\x64\debug\kmdf driver3.tlog\inf2cat-expand.10104.read.1.tlog
c:\users\murloc\dropbox\kmdf driver3\kmdf driver3\x64\debug\kmdf driver3.tlog\inf2cat-expand.10104.write.1.tlog
c:\users\murloc\dropbox\kmdf driver3\kmdf driver3\x64\debug\kmdf driver3.tlog\inf2cat-expand.10268.read.1.tlog
c:\users\murloc\dropbox\kmdf driver3\kmdf driver3\x64\debug\kmdf driver3.tlog\inf2cat-expand.10268.write.1.tlog
c:\users\murloc\dropbox\kmdf driver3\kmdf driver3\x64\debug\kmdf driver3.tlog\inf2cat-expand.10328.read.1.tlog
c:\users\murloc\dropbox\kmdf driver3\kmdf driver3\x64\debug\kmdf driver3.tlog\inf2cat-expand.10328.write.1.tlog
c:\users\murloc\dropbox\kmdf driver3\kmdf driver3\x64\debug\kmdf driver3.tlog\inf2cat-expand.10780.read.1.tlog
c:\users\murloc\dropbox\kmdf driver3\kmdf driver3\x64\debug\kmdf driver3.tlog\inf2cat-expand.10780.write.1.tlog
c:\users\murloc\dropbox\kmdf driver3\kmdf driver3\x64\debug\kmdf driver3.tlog\inf2cat-expand.11180.read.1.tlog
c:\users\murloc\dropbox\kmdf driver3\kmdf driver3\x64\debug\kmdf driver3.tlog\inf2cat-expand.11180.write.1.tlog
c:\users\murloc\dropbox\kmdf driver3\kmdf driver3\x64\debug\kmdf driver3.tlog\inf2cat-expand.11364.read.1.tlog
c:\users\murloc\dropbox\kmdf driver3\kmdf driver3\x64\debug\kmdf driver3.tlog\inf2cat-expand.11364.write.1.tlog
c:\users\murloc\dropbox\kmdf driver3\kmdf driver3\x64\debug\kmdf driver3.tlog\inf2cat-expand.1256.read.1.tlog
c:\users\murloc\dropbox\kmdf driver3\kmdf driver3\x64\debug\kmdf driver3.tlog\inf2cat-expand.1256.write.1.tlog
c:\users\murloc\dropbox\kmdf driver3\kmdf driver3\x64\debug\kmdf driver3.tlog\inf2cat-expand.16984.read.1.tlog
c:\users\murloc\dropbox\kmdf driver3\kmdf driver3\x64\debug\kmdf driver3.tlog\inf2cat-expand.16984.write.1.tlog
c:\users\murloc\dropbox\kmdf driver3\kmdf driver3\x64\debug\kmdf driver3.tlog\inf2cat-expand.17860.read.1.tlog
c:\users\murloc\dropbox\kmdf driver3\kmdf driver3\x64\debug\kmdf driver3.tlog\inf2cat-expand.17860.write.1.tlog
c:\users\murloc\dropbox\kmdf driver3\kmdf driver3\x64\debug\kmdf driver3.tlog\inf2cat-expand.2276.read.1.tlog
c:\users\murloc\dropbox\kmdf driver3\kmdf driver3\x64\debug\kmdf driver3.tlog\inf2cat-expand.2276.write.1.tlog
c:\users\murloc\dropbox\kmdf driver3\kmdf driver3\x64\debug\kmdf driver3.tlog\inf2cat-expand.2296.read.1.tlog
c:\users\murloc\dropbox\kmdf driver3\kmdf driver3\x64\debug\kmdf driver3.tlog\inf2cat-expand.2296.write.1.tlog
c:\users\murloc\dropbox\kmdf driver3\kmdf driver3\x64\debug\kmdf driver3.tlog\inf2cat-expand.4916.read.1.tlog
c:\users\murloc\dropbox\kmdf driver3\kmdf driver3\x64\debug\kmdf driver3.tlog\inf2cat-expand.4916.write.1.tlog
c:\users\murloc\dropbox\kmdf driver3\kmdf driver3\x64\debug\kmdf driver3.tlog\inf2cat-expand.7520.read.1.tlog
c:\users\murloc\dropbox\kmdf driver3\kmdf driver3\x64\debug\kmdf driver3.tlog\inf2cat-expand.7520.write.1.tlog
c:\users\murloc\dropbox\kmdf driver3\kmdf driver3\x64\debug\kmdf driver3.tlog\inf2cat-expand.8452.read.1.tlog
c:\users\murloc\dropbox\kmdf driver3\kmdf driver3\x64\debug\kmdf driver3.tlog\inf2cat-expand.8452.write.1.tlog
c:\users\murloc\dropbox\kmdf driver3\kmdf driver3\x64\debug\kmdf driver3.tlog\inf2cat-expand.read.1.tlog
c:\users\murloc\dropbox\kmdf driver3\kmdf driver3\x64\debug\kmdf driver3.tlog\inf2cat-expand.write.1.tlog
c:\users\murloc\dropbox\kmdf driver3\kmdf driver3\x64\debug\kmdf driver3.tlog\inf2cat.command.1.tlog
c:\users\murloc\dropbox\kmdf driver3\kmdf driver3\x64\debug\kmdf driver3.tlog\inf2cat.read.1.tlog
c:\users\murloc\dropbox\kmdf driver3\kmdf driver3\x64\debug\kmdf driver3.tlog\inf2cat.read.8.tlog
c:\users\murloc\dropbox\kmdf driver3\kmdf driver3\x64\debug\kmdf driver3.tlog\inf2cat.write.1.tlog
c:\users\murloc\dropbox\kmdf driver3\kmdf driver3\x64\debug\kmdf driver3.tlog\inf2cat.write.8.tlog
c:\users\murloc\dropbox\kmdf driver3\kmdf driver3\x64\debug\kmdf driver3.tlog\link.command.1.tlog
c:\users\murloc\dropbox\kmdf driver3\kmdf driver3\x64\debug\kmdf driver3.tlog\link.read.1.tlog
c:\users\murloc\dropbox\kmdf driver3\kmdf driver3\x64\debug\kmdf driver3.tlog\link.write.1.tlog
c:\users\murloc\dropbox\kmdf driver3\kmdf driver3\x64\debug\kmdf driver3.tlog\signtool.command.1.tlog
c:\users\murloc\dropbox\kmdf driver3\kmdf driver3\x64\debug\kmdf driver3.tlog\signtool.read.1.tlog
c:\users\murloc\dropbox\kmdf driver3\kmdf driver3\x64\debug\kmdf driver3.tlog\signtool.timestamp.1.tlog
c:\users\murloc\dropbox\kmdf driver3\kmdf driver3\x64\debug\kmdf driver3.tlog\signtool.write.1.tlog
c:\users\murloc\dropbox\kmdf driver3\kmdf driver3\x64\debug\kmdf driver3.tlog\stampinf.command.1.tlog
c:\users\murloc\dropbox\kmdf driver3\kmdf driver3\x64\debug\kmdf driver3.tlog\stampinf.read.1.tlog
c:\users\murloc\dropbox\kmdf driver3\kmdf driver3\x64\debug\kmdf driver3.tlog\stampinf.write.1.tlog
