c:\users\murloc\documents\visual studio 2015\projects\kmdf driver3\kmdf driver3\x64\debug\vc140.pdb
c:\users\murloc\documents\visual studio 2015\projects\kmdf driver3\kmdf driver3\x64\debug\driver.obj
c:\users\murloc\documents\visual studio 2015\projects\kmdf driver3\x64\debug\kmdf driver3\kmdfdriver3.cat
c:\users\murloc\documents\visual studio 2015\projects\kmdf driver3\x64\debug\kmdfdriver3.sys
c:\users\murloc\documents\visual studio 2015\projects\kmdf driver3\x64\debug\kmdfdriver3.pdb
c:\users\murloc\documents\visual studio 2015\projects\kmdf driver3\kmdf driver3\x64\debug\kmdfdriver3.inf
c:\users\murloc\dropbox\kmdf driver3\kmdf driver3\x64\debug\driver.obj
c:\users\murloc\dropbox\kmdf driver3\kmdf driver3\x64\debug\vc140.pdb
c:\users\murloc\dropbox\kmdf driver3\kmdf driver3\x64\debug\kmdf driver3.tlog\cl.command.1.tlog
c:\users\murloc\dropbox\kmdf driver3\kmdf driver3\x64\debug\kmdf driver3.tlog\cl.read.1.tlog
c:\users\murloc\dropbox\kmdf driver3\kmdf driver3\x64\debug\kmdf driver3.tlog\cl.write.1.tlog
c:\users\murloc\dropbox\kmdf driver3\kmdf driver3\x64\debug\kmdf driver3.tlog\inf2cat-expand.9740.read.1.tlog
c:\users\murloc\dropbox\kmdf driver3\kmdf driver3\x64\debug\kmdf driver3.tlog\inf2cat-expand.9740.write.1.tlog
c:\users\murloc\dropbox\kmdf driver3\kmdf driver3\x64\debug\kmdf driver3.tlog\inf2cat-expand.read.1.tlog
c:\users\murloc\dropbox\kmdf driver3\kmdf driver3\x64\debug\kmdf driver3.tlog\inf2cat-expand.write.1.tlog
c:\users\murloc\dropbox\kmdf driver3\kmdf driver3\x64\debug\kmdf driver3.tlog\inf2cat.command.1.tlog
c:\users\murloc\dropbox\kmdf driver3\kmdf driver3\x64\debug\kmdf driver3.tlog\inf2cat.read.1.tlog
c:\users\murloc\dropbox\kmdf driver3\kmdf driver3\x64\debug\kmdf driver3.tlog\inf2cat.write.1.tlog
c:\users\murloc\dropbox\kmdf driver3\kmdf driver3\x64\debug\kmdf driver3.tlog\link.command.1.tlog
c:\users\murloc\dropbox\kmdf driver3\kmdf driver3\x64\debug\kmdf driver3.tlog\link.read.1.tlog
c:\users\murloc\dropbox\kmdf driver3\kmdf driver3\x64\debug\kmdf driver3.tlog\link.write.1.tlog
c:\users\murloc\dropbox\kmdf driver3\kmdf driver3\x64\debug\kmdf driver3.tlog\signtool.command.1.tlog
c:\users\murloc\dropbox\kmdf driver3\kmdf driver3\x64\debug\kmdf driver3.tlog\signtool.read.1.tlog
c:\users\murloc\dropbox\kmdf driver3\kmdf driver3\x64\debug\kmdf driver3.tlog\signtool.timestamp.1.tlog
c:\users\murloc\dropbox\kmdf driver3\kmdf driver3\x64\debug\kmdf driver3.tlog\signtool.write.1.tlog
c:\users\murloc\dropbox\kmdf driver3\kmdf driver3\x64\debug\kmdf driver3.tlog\stampinf.command.1.tlog
c:\users\murloc\dropbox\kmdf driver3\kmdf driver3\x64\debug\kmdf driver3.tlog\stampinf.read.1.tlog
c:\users\murloc\dropbox\kmdf driver3\kmdf driver3\x64\debug\kmdf driver3.tlog\stampinf.write.1.tlog
